Added Component: Designator=J1(HDRV9W64P254_1X9_2286X254X900B)
Added Component: Designator=J2(HDRV8W64P254_1X8_2032X254X900B)
Added Component: Designator=Q1(PCBComponent_1)
Added Component: Designator=Q2(PCBComponent_1)
Added Component: Designator=Q3(PCBComponent_1)
Added Component: Designator=Q4(PCBComponent_1)
Added Component: Designator=Q5(PCBComponent_1)
Added Component: Designator=Q6(PCBComponent_1)
Added Component: Designator=R1(RESC0603(1608)_N)
Added Component: Designator=R2(RESC0603(1608)_N)
Added Component: Designator=R3(RESC0603(1608)_N)
Added Component: Designator=R4(RESC0603(1608)_N)
Added Component: Designator=R5(RESC0603(1608)_N)
Added Component: Designator=R6(RESC0603(1608)_N)
Added Component: Designator=R7(RESC0603(1608)_N)
Added Component: Designator=R8(RESC0603(1608)_N)
Added Component: Designator=R9(RESC0603(1608)_N)
Added Component: Designator=R10(RESC0603(1608)_N)
Added Component: Designator=R11(RESC0603(1608)_N)
Added Component: Designator=R12(RESC0603(1608)_N)
Added Pin To Net: NetName=3V3 Pin=J1-2
Added Pin To Net: NetName=3V3 Pin=J2-1
Added Pin To Net: NetName=3V3 Pin=Q2-5
Added Pin To Net: NetName=3V3 Pin=Q3-5
Added Pin To Net: NetName=3V3 Pin=Q4-5
Added Pin To Net: NetName=3V3 Pin=Q5-5
Added Pin To Net: NetName=3V3 Pin=Q6-5
Added Pin To Net: NetName=3V3 Pin=R8-2
Added Pin To Net: NetName=3V3 Pin=R9-2
Added Pin To Net: NetName=3V3 Pin=R10-2
Added Pin To Net: NetName=3V3 Pin=R11-2
Added Pin To Net: NetName=3V3 Pin=R12-2
Added Net: Name=3V3
Added Pin To Net: NetName=5V Pin=J1-1
Added Pin To Net: NetName=5V Pin=R1-2
Added Pin To Net: NetName=5V Pin=R2-2
Added Pin To Net: NetName=5V Pin=R3-2
Added Pin To Net: NetName=5V Pin=R4-2
Added Pin To Net: NetName=5V Pin=R5-2
Added Pin To Net: NetName=5V Pin=R6-2
Added Net: Name=5V
Added Pin To Net: NetName=GND Pin=J1-3
Added Pin To Net: NetName=GND Pin=J2-2
Added Net: Name=GND
Added Pin To Net: NetName=NetJ1_4 Pin=J1-4
Added Pin To Net: NetName=NetJ1_4 Pin=Q1-3
Added Pin To Net: NetName=NetJ1_4 Pin=R1-1
Added Net: Name=NetJ1_4
Added Pin To Net: NetName=NetJ1_5 Pin=J1-5
Added Pin To Net: NetName=NetJ1_5 Pin=Q2-3
Added Pin To Net: NetName=NetJ1_5 Pin=R2-1
Added Net: Name=NetJ1_5
Added Pin To Net: NetName=NetJ1_6 Pin=J1-6
Added Pin To Net: NetName=NetJ1_6 Pin=Q3-3
Added Pin To Net: NetName=NetJ1_6 Pin=R3-1
Added Net: Name=NetJ1_6
Added Pin To Net: NetName=NetJ1_7 Pin=J1-7
Added Pin To Net: NetName=NetJ1_7 Pin=Q4-3
Added Pin To Net: NetName=NetJ1_7 Pin=R4-1
Added Net: Name=NetJ1_7
Added Pin To Net: NetName=NetJ1_8 Pin=J1-8
Added Pin To Net: NetName=NetJ1_8 Pin=Q5-3
Added Pin To Net: NetName=NetJ1_8 Pin=R5-1
Added Net: Name=NetJ1_8
Added Pin To Net: NetName=NetJ1_9 Pin=J1-9
Added Pin To Net: NetName=NetJ1_9 Pin=Q6-3
Added Pin To Net: NetName=NetJ1_9 Pin=R6-1
Added Net: Name=NetJ1_9
Added Pin To Net: NetName=NetJ2_4 Pin=J2-4
Added Pin To Net: NetName=NetJ2_4 Pin=Q2-4
Added Pin To Net: NetName=NetJ2_4 Pin=R8-1
Added Net: Name=NetJ2_4
Added Pin To Net: NetName=NetJ2_5 Pin=J2-5
Added Pin To Net: NetName=NetJ2_5 Pin=Q3-4
Added Pin To Net: NetName=NetJ2_5 Pin=R9-1
Added Net: Name=NetJ2_5
Added Pin To Net: NetName=NetJ2_6 Pin=J2-6
Added Pin To Net: NetName=NetJ2_6 Pin=Q4-4
Added Pin To Net: NetName=NetJ2_6 Pin=R10-1
Added Net: Name=NetJ2_6
Added Pin To Net: NetName=NetJ2_7 Pin=J2-7
Added Pin To Net: NetName=NetJ2_7 Pin=Q5-4
Added Pin To Net: NetName=NetJ2_7 Pin=R11-1
Added Net: Name=NetJ2_7
Added Pin To Net: NetName=NetJ2_8 Pin=J2-8
Added Pin To Net: NetName=NetJ2_8 Pin=R12-1
Added Net: Name=NetJ2_8
Added Class: Name=LevelBridge
Added Room: Name=LevelBridge
