Removed Pin From Net: NetName=3V3 Pin=J2-3
Removed Pin From Net: NetName=NetJ1_2 Pin=Q1-1
Removed Pin From Net: NetName=3V3 Pin=Q1-2
Removed Pin From Net: NetName=NetJ1_1 Pin=Q1-4
Removed Pin From Net: NetName=3V3 Pin=Q1-5
Removed Pin From Net: NetName=NetJ1_4 Pin=Q2-1
Removed Pin From Net: NetName=3V3 Pin=Q2-2
Removed Pin From Net: NetName=NetJ1_3 Pin=Q2-4
Removed Pin From Net: NetName=3V3 Pin=Q2-5
Removed Pin From Net: NetName=NetJ1_6 Pin=Q3-1
Removed Pin From Net: NetName=3V3 Pin=Q3-2
Removed Pin From Net: NetName=NetJ1_5 Pin=Q3-4
Removed Pin From Net: NetName=3V3 Pin=Q3-5
Removed Pin From Net: NetName=NetJ1_1 Pin=R3-1
Removed Pin From Net: NetName=3V3 Pin=R3-2
Removed Pin From Net: NetName=NetJ1_2 Pin=R4-1
Removed Pin From Net: NetName=3V3 Pin=R4-2
Removed Pin From Net: NetName=NetJ1_3 Pin=R7-1
Removed Pin From Net: NetName=3V3 Pin=R7-2
Removed Pin From Net: NetName=NetJ1_4 Pin=R8-1
Removed Pin From Net: NetName=3V3 Pin=R8-2
Removed Pin From Net: NetName=NetJ1_5 Pin=R15-1
Removed Pin From Net: NetName=3V3 Pin=R15-2
Removed Pin From Net: NetName=NetJ1_6 Pin=R16-1
Removed Pin From Net: NetName=3V3 Pin=R16-2
Change Component Footprint: Designator=C1 Old Footprint=CAPC0603(1608)55_N New Footprint=CAPC0603(1608)55_N
Change Component Footprint: Designator=C2 Old Footprint=CAPC0805(2012)100_N New Footprint=CAPC0805(2012)100_N
Change Component Footprint: Designator=R9 Old Footprint=RESC0603(1608)_N New Footprint=RESC0603(1608)_N
Change Component Footprint: Designator=R10 Old Footprint=RESC0603(1608)_N New Footprint=RESC0603(1608)_N
Change Component Footprint: Designator=R11 Old Footprint=RESC0603(1608)_N New Footprint=RESC0603(1608)_N
Change Component Footprint: Designator=R12 Old Footprint=RESC0603(1608)_N New Footprint=RESC0603(1608)_N
Added Component: Designator=J?(HDRV2W64P254_1X2_508X254X900B)
Added Pin To Net: NetName=NetC1_1 Pin=J4-1
Added Pin To Net: NetName=NetC1_1 Pin=J5-1
Added Pin To Net: NetName=3V3 Pin=J?-1
Added Pin To Net: NetName=NetC1_1 Pin=J?-2
Added Pin To Net: NetName=3V3 Pin=R9-2
Added Pin To Net: NetName=3V3 Pin=U2-3
Change Net Name : Old Net Name=NetC1_1 New Net Name=GND
Added Member To Class: ClassName=BreakoutPcb Member=Component C1 100nF
Added Member To Class: ClassName=BreakoutPcb Member=Component C2 47nF
Added Member To Class: ClassName=BreakoutPcb Member=Component J1 Header1x6
Added Member To Class: ClassName=BreakoutPcb Member=Component J4 Header1x3
Added Member To Class: ClassName=BreakoutPcb Member=Component J5 Header1x3
Added Member To Class: ClassName=BreakoutPcb Member=Component J? Header 1x2
Added Member To Class: ClassName=BreakoutPcb Member=Component R9 0R
Added Member To Class: ClassName=BreakoutPcb Member=Component R10 10k
Added Member To Class: ClassName=BreakoutPcb Member=Component R11 2k2
Added Member To Class: ClassName=BreakoutPcb Member=Component R12 2k2
Added Member To Class: ClassName=BreakoutPcb Member=Component U1 A2235-H
Added Member To Class: ClassName=BreakoutPcb Member=Component U2 MAX809SEXR-T
