Added Component: Designator=C1(CAPC0603(1608)55_N)
Added Component: Designator=C2(CAPC0805(2012)100_N)
Added Component: Designator=J1(HDRV6W64P254_1X6_1524X254X900B)
Added Component: Designator=J2(HDRV3W64P254_1X3_762X254X900B)
Added Component: Designator=J3(HDRV6W64P254_1X6_1524X254X900B)
Added Component: Designator=J4(HDRV3W64P254_1X3_762X254X900B)
Added Component: Designator=J5(HDRV3W64P254_1X3_762X254X900B)
Added Component: Designator=Q1(PCBComponent_1)
Added Component: Designator=Q2(PCBComponent_1)
Added Component: Designator=Q3(PCBComponent_1)
Added Component: Designator=R1(RESC0603(1608)_N)
Added Component: Designator=R2(RESC0603(1608)_N)
Added Component: Designator=R3(RESC0603(1608)_N)
Added Component: Designator=R4(RESC0603(1608)_N)
Added Component: Designator=R5(RESC0603(1608)_N)
Added Component: Designator=R6(RESC0603(1608)_N)
Added Component: Designator=R7(RESC0603(1608)_N)
Added Component: Designator=R8(RESC0603(1608)_N)
Added Component: Designator=R9(RESC0603(1608)_N)
Added Component: Designator=R10(RESC0603(1608)_N)
Added Component: Designator=R11(RESC0603(1608)_N)
Added Component: Designator=R12(RESC0603(1608)_N)
Added Component: Designator=R13(RESC0603(1608)_N)
Added Component: Designator=R14(RESC0603(1608)_N)
Added Component: Designator=R15(RESC0603(1608)_N)
Added Component: Designator=R16(RESC0603(1608)_N)
Added Component: Designator=U1(XCVR_A2235-H)
Added Component: Designator=U2(21-0075D)
Added Pin To Net: NetName=3V3 Pin=J2-3
Added Pin To Net: NetName=3V3 Pin=Q1-2
Added Pin To Net: NetName=3V3 Pin=Q1-5
Added Pin To Net: NetName=3V3 Pin=Q2-2
Added Pin To Net: NetName=3V3 Pin=Q2-5
Added Pin To Net: NetName=3V3 Pin=Q3-2
Added Pin To Net: NetName=3V3 Pin=Q3-5
Added Pin To Net: NetName=3V3 Pin=R3-2
Added Pin To Net: NetName=3V3 Pin=R4-2
Added Pin To Net: NetName=3V3 Pin=R7-2
Added Pin To Net: NetName=3V3 Pin=R8-2
Added Pin To Net: NetName=3V3 Pin=R15-2
Added Pin To Net: NetName=3V3 Pin=R16-2
Added Net: Name=3V3
Added Pin To Net: NetName=5V Pin=J2-1
Added Pin To Net: NetName=5V Pin=R1-2
Added Pin To Net: NetName=5V Pin=R2-2
Added Pin To Net: NetName=5V Pin=R5-2
Added Pin To Net: NetName=5V Pin=R6-2
Added Pin To Net: NetName=5V Pin=R13-2
Added Pin To Net: NetName=5V Pin=R14-2
Added Net: Name=5V
Added Pin To Net: NetName=GND Pin=J2-2
Added Pin To Net: NetName=GND Pin=J4-1
Added Pin To Net: NetName=GND Pin=J5-1
Added Net: Name=GND
Added Pin To Net: NetName=NetC1_1 Pin=C1-1
Added Pin To Net: NetName=NetC1_1 Pin=C2-1
Added Pin To Net: NetName=NetC1_1 Pin=U1-6
Added Pin To Net: NetName=NetC1_1 Pin=U1-9
Added Pin To Net: NetName=NetC1_1 Pin=U1-20
Added Pin To Net: NetName=NetC1_1 Pin=U1-23
Added Pin To Net: NetName=NetC1_1 Pin=U1-24
Added Pin To Net: NetName=NetC1_1 Pin=U1-25
Added Pin To Net: NetName=NetC1_1 Pin=U1-26
Added Pin To Net: NetName=NetC1_1 Pin=U1-27
Added Pin To Net: NetName=NetC1_1 Pin=U1-28
Added Pin To Net: NetName=NetC1_1 Pin=U1-29
Added Pin To Net: NetName=NetC1_1 Pin=U1-30
Added Pin To Net: NetName=NetC1_1 Pin=U2-1
Added Net: Name=NetC1_1
Added Pin To Net: NetName=NetC1_2 Pin=C1-2
Added Pin To Net: NetName=NetC1_2 Pin=C2-2
Added Pin To Net: NetName=NetC1_2 Pin=R9-1
Added Pin To Net: NetName=NetC1_2 Pin=U1-3
Added Net: Name=NetC1_2
Added Pin To Net: NetName=NetJ1_1 Pin=J1-1
Added Pin To Net: NetName=NetJ1_1 Pin=Q1-4
Added Pin To Net: NetName=NetJ1_1 Pin=R3-1
Added Pin To Net: NetName=NetJ1_1 Pin=U1-1
Added Pin To Net: NetName=NetJ1_1 Pin=U2-2
Added Net: Name=NetJ1_1
Added Pin To Net: NetName=NetJ1_2 Pin=J1-2
Added Pin To Net: NetName=NetJ1_2 Pin=Q1-1
Added Pin To Net: NetName=NetJ1_2 Pin=R4-1
Added Pin To Net: NetName=NetJ1_2 Pin=U1-4
Added Net: Name=NetJ1_2
Added Pin To Net: NetName=NetJ1_3 Pin=J1-3
Added Pin To Net: NetName=NetJ1_3 Pin=Q2-4
Added Pin To Net: NetName=NetJ1_3 Pin=R7-1
Added Pin To Net: NetName=NetJ1_3 Pin=U1-19
Added Net: Name=NetJ1_3
Added Pin To Net: NetName=NetJ1_4 Pin=J1-4
Added Pin To Net: NetName=NetJ1_4 Pin=Q2-1
Added Pin To Net: NetName=NetJ1_4 Pin=R8-1
Added Pin To Net: NetName=NetJ1_4 Pin=U1-21
Added Net: Name=NetJ1_4
Added Pin To Net: NetName=NetJ1_5 Pin=J1-5
Added Pin To Net: NetName=NetJ1_5 Pin=Q3-4
Added Pin To Net: NetName=NetJ1_5 Pin=R15-1
Added Pin To Net: NetName=NetJ1_5 Pin=U1-22
Added Net: Name=NetJ1_5
Added Pin To Net: NetName=NetJ1_6 Pin=J1-6
Added Pin To Net: NetName=NetJ1_6 Pin=Q3-1
Added Pin To Net: NetName=NetJ1_6 Pin=R16-1
Added Pin To Net: NetName=NetJ1_6 Pin=U1-16
Added Net: Name=NetJ1_6
Added Pin To Net: NetName=NetJ3_1 Pin=J3-1
Added Pin To Net: NetName=NetJ3_1 Pin=Q1-3
Added Pin To Net: NetName=NetJ3_1 Pin=R1-1
Added Net: Name=NetJ3_1
Added Pin To Net: NetName=NetJ3_2 Pin=J3-2
Added Pin To Net: NetName=NetJ3_2 Pin=Q1-6
Added Pin To Net: NetName=NetJ3_2 Pin=R2-1
Added Net: Name=NetJ3_2
Added Pin To Net: NetName=NetJ3_3 Pin=J3-3
Added Pin To Net: NetName=NetJ3_3 Pin=Q2-3
Added Pin To Net: NetName=NetJ3_3 Pin=R5-1
Added Net: Name=NetJ3_3
Added Pin To Net: NetName=NetJ3_4 Pin=J3-4
Added Pin To Net: NetName=NetJ3_4 Pin=Q2-6
Added Pin To Net: NetName=NetJ3_4 Pin=R6-1
Added Net: Name=NetJ3_4
Added Pin To Net: NetName=NetJ3_5 Pin=J3-5
Added Pin To Net: NetName=NetJ3_5 Pin=Q3-3
Added Pin To Net: NetName=NetJ3_5 Pin=R13-1
Added Net: Name=NetJ3_5
Added Pin To Net: NetName=NetJ3_6 Pin=J3-6
Added Pin To Net: NetName=NetJ3_6 Pin=Q3-6
Added Pin To Net: NetName=NetJ3_6 Pin=R14-1
Added Net: Name=NetJ3_6
Added Pin To Net: NetName=NetJ4_2 Pin=J4-2
Added Pin To Net: NetName=NetJ4_2 Pin=U1-17
Added Net: Name=NetJ4_2
Added Pin To Net: NetName=NetJ4_3 Pin=J4-3
Added Pin To Net: NetName=NetJ4_3 Pin=R11-1
Added Net: Name=NetJ4_3
Added Pin To Net: NetName=NetJ5_2 Pin=J5-2
Added Pin To Net: NetName=NetJ5_2 Pin=U1-18
Added Net: Name=NetJ5_2
Added Pin To Net: NetName=NetJ5_3 Pin=J5-3
Added Pin To Net: NetName=NetJ5_3 Pin=R12-1
Added Net: Name=NetJ5_3
Added Pin To Net: NetName=NetR9_2 Pin=R9-2
Added Pin To Net: NetName=NetR9_2 Pin=U2-3
Added Net: Name=NetR9_2
Added Pin To Net: NetName=NetR10_1 Pin=R10-1
Added Pin To Net: NetName=NetR10_1 Pin=R11-2
Added Pin To Net: NetName=NetR10_1 Pin=R12-2
Added Pin To Net: NetName=NetR10_1 Pin=U1-5
Added Net: Name=NetR10_1
Added Pin To Net: NetName=NetR10_2 Pin=R10-2
Added Pin To Net: NetName=NetR10_2 Pin=U1-7
Added Net: Name=NetR10_2
Added Class: Name=BreakoutPcb
Added Room: Name=BreakoutPcb
